\BOOKMARK [0][-]{chapter.1}{\376\377\000M\000o\000d\000u\000l\000e\000\040\0000\000:\000\040\000W\000h\000y\000\040\000A\000P\000S\000I\000M\000?}{}% 1
\BOOKMARK [1][-]{section.1.1}{\376\377\000L\000e\000a\000r\000n\000i\000n\000g\000\040\000O\000b\000j\000e\000c\000t\000i\000v\000e\000s}{chapter.1}% 2
\BOOKMARK [1][-]{section.1.2}{\376\377\000W\000h\000a\000t\000\040\000i\000s\000\040\000C\000r\000o\000p\000\040\000M\000o\000d\000e\000l\000l\000i\000n\000g\000?}{chapter.1}% 3
\BOOKMARK [2][-]{subsection.1.2.1}{\376\377\000W\000h\000y\000\040\000N\000o\000t\000\040\000J\000u\000s\000t\000\040\000E\000x\000p\000e\000r\000i\000m\000e\000n\000t\000?}{section.1.2}% 4
\BOOKMARK [2][-]{subsection.1.2.2}{\376\377\000W\000h\000a\000t\000\040\000C\000a\000n\000\040\000M\000o\000d\000e\000l\000s\000\040\000D\000o\000?}{section.1.2}% 5
\BOOKMARK [1][-]{section.1.3}{\376\377\000A\000P\000S\000I\000M\000:\000\040\000O\000v\000e\000r\000v\000i\000e\000w}{chapter.1}% 6
\BOOKMARK [2][-]{subsection.1.3.1}{\376\377\000K\000e\000y\000\040\000F\000e\000a\000t\000u\000r\000e\000s}{section.1.3}% 7
\BOOKMARK [1][-]{section.1.4}{\376\377\000A\000P\000S\000I\000M\000\040\000i\000n\000\040\000A\000c\000t\000i\000o\000n\000:\000\040\000R\000e\000a\000l\000-\000W\000o\000r\000l\000d\000\040\000A\000p\000p\000l\000i\000c\000a\000t\000i\000o\000n\000s}{chapter.1}% 8
\BOOKMARK [2][-]{subsection.1.4.1}{\376\377\000R\000e\000s\000e\000a\000r\000c\000h\000\040\000E\000x\000a\000m\000p\000l\000e\000:\000\040\000C\000l\000i\000m\000a\000t\000e\000\040\000C\000h\000a\000n\000g\000e\000\040\000I\000m\000p\000a\000c\000t\000\040\000o\000n\000\040\000W\000h\000e\000a\000t\000\040\000Y\000i\000e\000l\000d}{section.1.4}% 9
\BOOKMARK [2][-]{subsection.1.4.2}{\376\377\000E\000x\000t\000e\000n\000s\000i\000o\000n\000\040\000E\000x\000a\000m\000p\000l\000e\000:\000\040\000N\000i\000t\000r\000o\000g\000e\000n\000\040\000R\000a\000t\000e\000\040\000O\000p\000t\000i\000m\000i\000z\000a\000t\000i\000o\000n}{section.1.4}% 10
\BOOKMARK [2][-]{subsection.1.4.3}{\376\377\000O\000p\000e\000r\000a\000t\000i\000o\000n\000a\000l\000\040\000E\000x\000a\000m\000p\000l\000e\000:\000\040\000S\000o\000w\000i\000n\000g\000\040\000D\000e\000c\000i\000s\000i\000o\000n\000\040\000S\000u\000p\000p\000o\000r\000t}{section.1.4}% 11
\BOOKMARK [1][-]{section.1.5}{\376\377\000A\000P\000S\000I\000M\000\040\000C\000o\000m\000p\000a\000r\000e\000d\000\040\000t\000o\000\040\000O\000t\000h\000e\000r\000\040\000T\000o\000o\000l\000s}{chapter.1}% 12
\BOOKMARK [1][-]{section.1.6}{\376\377\000K\000e\000y\000\040\000C\000o\000n\000c\000e\000p\000t\000s\000\040\000i\000n\000\040\000A\000P\000S\000I\000M}{chapter.1}% 13
\BOOKMARK [2][-]{subsection.1.6.1}{\376\377\000D\000a\000i\000l\000y\000\040\000S\000i\000m\000u\000l\000a\000t\000i\000o\000n\000\040\000L\000o\000o\000p}{section.1.6}% 14
\BOOKMARK [2][-]{subsection.1.6.2}{\376\377\000T\000h\000r\000e\000e\000-\000L\000a\000y\000e\000r\000\040\000P\000r\000o\000b\000l\000e\000m\000\040\000R\000e\000p\000r\000e\000s\000e\000n\000t\000a\000t\000i\000o\000n}{section.1.6}% 15
\BOOKMARK [1][-]{section.1.7}{\376\377\000C\000a\000r\000e\000e\000r\000\040\000R\000e\000l\000e\000v\000a\000n\000c\000e}{chapter.1}% 16
\BOOKMARK [1][-]{section.1.8}{\376\377\000R\000o\000a\000d\000m\000a\000p\000\040\000f\000o\000r\000\040\000T\000h\000i\000s\000\040\000T\000u\000t\000o\000r\000i\000a\000l}{chapter.1}% 17
\BOOKMARK [1][-]{section.1.9}{\376\377\000H\000o\000w\000\040\000A\000P\000S\000I\000M\000\040\000W\000o\000r\000k\000s\000:\000\040\000T\000h\000e\000\040\000I\000n\000f\000o\000r\000m\000a\000t\000i\000o\000n\000\040\000F\000l\000o\000w}{chapter.1}% 18
\BOOKMARK [1][-]{section.1.10}{\376\377\000S\000u\000m\000m\000a\000r\000y}{chapter.1}% 19
\BOOKMARK [1][-]{section.1.11}{\376\377\000W\000h\000a\000t\000'\000s\000\040\000N\000e\000x\000t\000?}{chapter.1}% 20
\BOOKMARK [0][-]{chapter.2}{\376\377\000M\000o\000d\000u\000l\000e\000\040\0001\000:\000\040\000A\000P\000S\000I\000M\000\040\000S\000t\000r\000u\000c\000t\000u\000r\000e}{}% 21
\BOOKMARK [1][-]{section.2.1}{\376\377\000L\000e\000a\000r\000n\000i\000n\000g\000\040\000O\000b\000j\000e\000c\000t\000i\000v\000e\000s}{chapter.2}% 22
\BOOKMARK [1][-]{section.2.2}{\376\377\000A\000P\000S\000I\000M\000'\000s\000\040\000C\000o\000m\000p\000o\000n\000e\000n\000t\000\040\000A\000r\000c\000h\000i\000t\000e\000c\000t\000u\000r\000e}{chapter.2}% 23
\BOOKMARK [2][-]{subsection.2.2.1}{\376\377\000H\000i\000e\000r\000a\000r\000c\000h\000y}{section.2.2}% 24
\BOOKMARK [2][-]{subsection.2.2.2}{\376\377\000G\000l\000o\000b\000a\000l\000\040\000C\000o\000m\000p\000o\000n\000e\000n\000t\000s}{section.2.2}% 25
\BOOKMARK [2][-]{subsection.2.2.3}{\376\377\000Z\000o\000n\000e\000\040\000C\000o\000m\000p\000o\000n\000e\000n\000t\000s}{section.2.2}% 26
\BOOKMARK [1][-]{section.2.3}{\376\377\000D\000a\000i\000l\000y\000\040\000E\000x\000e\000c\000u\000t\000i\000o\000n\000\040\000S\000e\000q\000u\000e\000n\000c\000e}{chapter.2}% 27
\BOOKMARK [1][-]{section.2.4}{\376\377\000T\000h\000e\000\040\000.\000a\000p\000s\000i\000m\000x\000\040\000F\000i\000l\000e\000\040\000F\000o\000r\000m\000a\000t}{chapter.2}% 28
\BOOKMARK [1][-]{section.2.5}{\376\377\000C\000o\000m\000p\000o\000n\000e\000n\000t\000\040\000R\000e\000f\000e\000r\000e\000n\000c\000e\000\040\000T\000a\000b\000l\000e}{chapter.2}% 29
\BOOKMARK [1][-]{section.2.6}{\376\377\000I\000n\000t\000e\000r\000p\000r\000e\000t\000i\000n\000g\000\040\000a\000\040\000R\000e\000a\000l\000\040\000S\000i\000m\000u\000l\000a\000t\000i\000o\000n\000:\000\040\000w\000h\000e\000a\000t\000\137\000e\000x\000a\000m\000p\000l\000e\000.\000a\000p\000s\000i\000m\000x}{chapter.2}% 30
\BOOKMARK [2][-]{subsection.2.6.1}{\376\377\000K\000e\000y\000\040\000C\000o\000n\000f\000i\000g\000u\000r\000a\000t\000i\000o\000n}{section.2.6}% 31
\BOOKMARK [2][-]{subsection.2.6.2}{\376\377\000O\000u\000t\000p\000u\000t\000\040\000V\000a\000r\000i\000a\000b\000l\000e\000s}{section.2.6}% 32
\BOOKMARK [1][-]{section.2.7}{\376\377\000C\000o\000m\000m\000o\000n\000\040\000M\000i\000s\000c\000o\000n\000c\000e\000p\000t\000i\000o\000n\000s}{chapter.2}% 33
\BOOKMARK [1][-]{section.2.8}{\376\377\000N\000a\000v\000i\000g\000a\000t\000i\000n\000g\000\040\000A\000P\000S\000I\000M\000'\000s\000\040\000G\000U\000I}{chapter.2}% 34
\BOOKMARK [2][-]{subsection.2.8.1}{\376\377\000O\000p\000e\000n\000i\000n\000g\000\040\000a\000\040\000S\000i\000m\000u\000l\000a\000t\000i\000o\000n}{section.2.8}% 35
\BOOKMARK [2][-]{subsection.2.8.2}{\376\377\000V\000i\000e\000w\000i\000n\000g\000\040\000C\000o\000m\000p\000o\000n\000e\000n\000t\000s}{section.2.8}% 36
\BOOKMARK [2][-]{subsection.2.8.3}{\376\377\000R\000u\000n\000n\000i\000n\000g\000\040\000a\000\040\000S\000i\000m\000u\000l\000a\000t\000i\000o\000n}{section.2.8}% 37
\BOOKMARK [2][-]{subsection.2.8.4}{\376\377\000E\000x\000p\000o\000r\000t\000i\000n\000g\000\040\000R\000e\000s\000u\000l\000t\000s}{section.2.8}% 38
\BOOKMARK [1][-]{section.2.9}{\376\377\000S\000u\000m\000m\000a\000r\000y}{chapter.2}% 39
\BOOKMARK [1][-]{section.2.10}{\376\377\000K\000e\000y\000\040\000R\000e\000s\000o\000u\000r\000c\000e\000s}{chapter.2}% 40
\BOOKMARK [1][-]{section.2.11}{\376\377\000W\000h\000a\000t\000'\000s\000\040\000N\000e\000x\000t\000?}{chapter.2}% 41
\BOOKMARK [0][-]{chapter.3}{\376\377\000M\000o\000d\000u\000l\000e\000\040\0002\000:\000\040\000F\000i\000r\000s\000t\000\040\000S\000i\000m\000u\000l\000a\000t\000i\000o\000n}{}% 42
\BOOKMARK [1][-]{section.3.1}{\376\377\000L\000e\000a\000r\000n\000i\000n\000g\000\040\000O\000b\000j\000e\000c\000t\000i\000v\000e\000s}{chapter.3}% 43
\BOOKMARK [1][-]{section.3.2}{\376\377\000C\000o\000n\000c\000e\000p\000t\000u\000a\000l\000\040\000F\000r\000a\000m\000e\000w\000o\000r\000k\000:\000\040\000F\000a\000l\000l\000o\000w\000\040\000W\000a\000t\000e\000r\000\040\000B\000a\000l\000a\000n\000c\000e}{chapter.3}% 44
\BOOKMARK [2][-]{subsection.3.2.1}{\376\377\000W\000h\000a\000t\000\040\000i\000s\000\040\000a\000\040\000F\000a\000l\000l\000o\000w\000?}{section.3.2}% 45
\BOOKMARK [2][-]{subsection.3.2.2}{\376\377\000W\000h\000e\000n\000\040\000A\000r\000e\000\040\000S\000o\000i\000l\000s\000\040\000R\000e\000a\000d\000y\000\040\000f\000o\000r\000\040\000S\000o\000w\000i\000n\000g\000?}{section.3.2}% 46
\BOOKMARK [1][-]{section.3.3}{\376\377\000G\000e\000t\000t\000i\000n\000g\000\040\000S\000t\000a\000r\000t\000e\000d\000:\000\040\000O\000p\000e\000n\000\040\000E\000x\000e\000r\000c\000i\000s\000e\000\040\000A}{chapter.3}% 47
\BOOKMARK [2][-]{subsection.3.3.1}{\376\377\000F\000i\000l\000e\000\040\000L\000o\000c\000a\000t\000i\000o\000n}{section.3.3}% 48
\BOOKMARK [2][-]{subsection.3.3.2}{\376\377\000S\000i\000m\000u\000l\000a\000t\000i\000o\000n\000\040\000S\000e\000t\000u\000p}{section.3.3}% 49
\BOOKMARK [1][-]{section.3.4}{\376\377\000R\000u\000n\000n\000i\000n\000g\000\040\000t\000h\000e\000\040\000S\000i\000m\000u\000l\000a\000t\000i\000o\000n}{chapter.3}% 50
\BOOKMARK [2][-]{subsection.3.4.1}{\376\377\000S\000t\000e\000p\000\040\0001\000:\000\040\000O\000p\000e\000n\000\040\000A\000P\000S\000I\000M}{section.3.4}% 51
\BOOKMARK [2][-]{subsection.3.4.2}{\376\377\000S\000t\000e\000p\000\040\0002\000:\000\040\000V\000i\000e\000w\000\040\000S\000t\000r\000u\000c\000t\000u\000r\000e}{section.3.4}% 52
\BOOKMARK [2][-]{subsection.3.4.3}{\376\377\000S\000t\000e\000p\000\040\0003\000:\000\040\000R\000u\000n\000\040\000S\000i\000m\000u\000l\000a\000t\000i\000o\000n}{section.3.4}% 53
\BOOKMARK [2][-]{subsection.3.4.4}{\376\377\000S\000t\000e\000p\000\040\0004\000:\000\040\000V\000i\000e\000w\000\040\000R\000e\000s\000u\000l\000t\000s}{section.3.4}% 54
\BOOKMARK [1][-]{section.3.5}{\376\377\000A\000n\000a\000l\000y\000z\000i\000n\000g\000\040\000t\000h\000e\000\040\000D\000a\000t\000a}{chapter.3}% 55
\BOOKMARK [2][-]{subsection.3.5.1}{\376\377\000K\000e\000y\000\040\000C\000o\000l\000u\000m\000n\000s}{section.3.5}% 56
\BOOKMARK [2][-]{subsection.3.5.2}{\376\377\000A\000n\000a\000l\000y\000s\000i\000s\000\040\000P\000r\000o\000m\000p\000t\000s}{section.3.5}% 57
\BOOKMARK [1][-]{section.3.6}{\376\377\000C\000o\000m\000m\000o\000n\000\040\000E\000r\000r\000o\000r\000s\000\040\000a\000n\000d\000\040\000T\000r\000o\000u\000b\000l\000e\000s\000h\000o\000o\000t\000i\000n\000g}{chapter.3}% 58
\BOOKMARK [1][-]{section.3.7}{\376\377\000E\000x\000t\000e\000n\000d\000i\000n\000g\000\040\000t\000h\000e\000\040\000A\000n\000a\000l\000y\000s\000i\000s}{chapter.3}% 59
\BOOKMARK [2][-]{subsection.3.7.1}{\376\377\000C\000o\000m\000p\000a\000r\000i\000s\000o\000n\000:\000\040\000D\000i\000f\000f\000e\000r\000e\000n\000t\000\040\000S\000o\000i\000l\000s}{section.3.7}% 60
\BOOKMARK [2][-]{subsection.3.7.2}{\376\377\000C\000o\000m\000p\000a\000r\000i\000s\000o\000n\000:\000\040\000D\000i\000f\000f\000e\000r\000e\000n\000t\000\040\000W\000e\000a\000t\000h\000e\000r}{section.3.7}% 61
\BOOKMARK [2][-]{subsection.3.7.3}{\376\377\000M\000u\000l\000t\000i\000-\000Y\000e\000a\000r\000\040\000S\000t\000a\000t\000i\000s\000t\000i\000c\000s}{section.3.7}% 62
\BOOKMARK [1][-]{section.3.8}{\376\377\000C\000o\000n\000c\000e\000p\000t\000u\000a\000l\000\040\000Q\000u\000e\000s\000t\000i\000o\000n\000s}{chapter.3}% 63
\BOOKMARK [1][-]{section.3.9}{\376\377\000S\000u\000m\000m\000a\000r\000y}{chapter.3}% 64
\BOOKMARK [1][-]{section.3.10}{\376\377\000S\000o\000i\000l\000\040\000W\000a\000t\000e\000r\000\040\000R\000e\000f\000e\000r\000e\000n\000c\000e}{chapter.3}% 65
\BOOKMARK [2][-]{subsection.3.10.1}{\376\377\000S\000o\000i\000l\000\040\000W\000a\000t\000e\000r\000\040\000T\000h\000r\000e\000s\000h\000o\000l\000d\000s}{section.3.10}% 66
\BOOKMARK [2][-]{subsection.3.10.2}{\376\377\000S\000o\000i\000l\000\040\000W\000a\000t\000e\000r\000\040\000B\000a\000l\000a\000n\000c\000e}{section.3.10}% 67
\BOOKMARK [2][-]{subsection.3.10.3}{\376\377\000W\000a\000t\000e\000r\000\040\000B\000a\000l\000a\000n\000c\000e\000\040\000R\000e\000p\000o\000r\000t\000\040\000V\000a\000r\000i\000a\000b\000l\000e\000s}{section.3.10}% 68
\BOOKMARK [1][-]{section.3.11}{\376\377\000K\000e\000y\000\040\000R\000e\000s\000o\000u\000r\000c\000e\000s}{chapter.3}% 69
\BOOKMARK [1][-]{section.3.12}{\376\377\000W\000h\000a\000t\000'\000s\000\040\000N\000e\000x\000t\000?}{chapter.3}% 70
\BOOKMARK [0][-]{chapter.4}{\376\377\000M\000o\000d\000u\000l\000e\000\040\0003\000:\000\040\000O\000u\000t\000p\000u\000t\000\040\000A\000n\000a\000l\000y\000s\000i\000s}{}% 71
\BOOKMARK [1][-]{section.4.1}{\376\377\000L\000e\000a\000r\000n\000i\000n\000g\000\040\000O\000b\000j\000e\000c\000t\000i\000v\000e\000s}{chapter.4}% 72
\BOOKMARK [1][-]{section.4.2}{\376\377\000A\000P\000S\000I\000M\000\040\000O\000u\000t\000p\000u\000t\000\040\000S\000t\000r\000u\000c\000t\000u\000r\000e}{chapter.4}% 73
\BOOKMARK [2][-]{subsection.4.2.1}{\376\377\000V\000a\000r\000i\000a\000b\000l\000e\000\040\000N\000a\000m\000i\000n\000g\000\040\000C\000o\000n\000v\000e\000n\000t\000i\000o\000n}{section.4.2}% 74
\BOOKMARK [1][-]{section.4.3}{\376\377\000E\000x\000p\000o\000r\000t\000i\000n\000g\000\040\000D\000a\000t\000a\000\040\000f\000r\000o\000m\000\040\000A\000P\000S\000I\000M}{chapter.4}% 75
\BOOKMARK [2][-]{subsection.4.3.1}{\376\377\000S\000t\000e\000p\000-\000b\000y\000-\000S\000t\000e\000p\000:\000\040\000E\000x\000p\000o\000r\000t\000\040\000t\000o\000\040\000E\000x\000c\000e\000l}{section.4.3}% 76
\BOOKMARK [1][-]{section.4.4}{\376\377\000E\000x\000c\000e\000l\000\040\000A\000n\000a\000l\000y\000s\000i\000s}{chapter.4}% 77
\BOOKMARK [2][-]{subsection.4.4.1}{\376\377\000O\000p\000e\000n\000i\000n\000g\000\040\000t\000h\000e\000\040\000E\000x\000p\000o\000r\000t\000e\000d\000\040\000F\000i\000l\000e}{section.4.4}% 78
\BOOKMARK [2][-]{subsection.4.4.2}{\376\377\000S\000u\000m\000m\000a\000r\000y\000\040\000S\000t\000a\000t\000i\000s\000t\000i\000c\000s\000\040\000w\000i\000t\000h\000\040\000E\000x\000c\000e\000l\000\040\000F\000o\000r\000m\000u\000l\000a\000s}{section.4.4}% 79
\BOOKMARK [2][-]{subsection.4.4.3}{\376\377\000M\000o\000n\000t\000h\000l\000y\000\040\000A\000v\000e\000r\000a\000g\000e\000s\000\040\000U\000s\000i\000n\000g\000\040\000a\000\040\000P\000i\000v\000o\000t\000T\000a\000b\000l\000e}{section.4.4}% 80
\BOOKMARK [2][-]{subsection.4.4.4}{\376\377\000V\000i\000s\000u\000a\000l\000i\000s\000a\000t\000i\000o\000n\000\040\000i\000n\000\040\000E\000x\000c\000e\000l}{section.4.4}% 81
\BOOKMARK [1][-]{section.4.5}{\376\377\000P\000y\000t\000h\000o\000n\000\040\000A\000n\000a\000l\000y\000s\000i\000s}{chapter.4}% 82
\BOOKMARK [2][-]{subsection.4.5.1}{\376\377\000R\000e\000a\000d\000i\000n\000g\000\040\000D\000a\000t\000a}{section.4.5}% 83
\BOOKMARK [2][-]{subsection.4.5.2}{\376\377\000S\000u\000m\000m\000a\000r\000y\000\040\000S\000t\000a\000t\000i\000s\000t\000i\000c\000s}{section.4.5}% 84
\BOOKMARK [2][-]{subsection.4.5.3}{\376\377\000V\000i\000s\000u\000a\000l\000i\000z\000a\000t\000i\000o\000n}{section.4.5}% 85
\BOOKMARK [1][-]{section.4.6}{\376\377\000A\000g\000r\000o\000n\000o\000m\000i\000c\000\040\000M\000e\000t\000r\000i\000c\000s}{chapter.4}% 86
\BOOKMARK [2][-]{subsection.4.6.1}{\376\377\000Y\000i\000e\000l\000d}{section.4.6}% 87
\BOOKMARK [2][-]{subsection.4.6.2}{\376\377\000A\000g\000r\000o\000n\000o\000m\000i\000c\000\040\000E\000f\000f\000i\000c\000i\000e\000n\000c\000y\000\040\000o\000f\000\040\000N\000i\000t\000r\000o\000g\000e\000n\000\040\000\050\000A\000E\000N\000\051}{section.4.6}% 88
\BOOKMARK [2][-]{subsection.4.6.3}{\376\377\000H\000a\000r\000v\000e\000s\000t\000\040\000I\000n\000d\000e\000x}{section.4.6}% 89
\BOOKMARK [1][-]{section.4.7}{\376\377\000I\000n\000t\000e\000r\000p\000r\000e\000t\000i\000n\000g\000\040\000C\000r\000o\000p\000\040\000G\000r\000o\000w\000t\000h\000\040\000C\000u\000r\000v\000e\000s}{chapter.4}% 90
\BOOKMARK [1][-]{section.4.8}{\376\377\000C\000o\000m\000m\000o\000n\000\040\000A\000n\000a\000l\000y\000s\000i\000s\000\040\000M\000i\000s\000t\000a\000k\000e\000s}{chapter.4}% 91
\BOOKMARK [1][-]{section.4.9}{\376\377\000S\000u\000m\000m\000a\000r\000y}{chapter.4}% 92
\BOOKMARK [1][-]{section.4.10}{\376\377\000W\000h\000a\000t\000'\000s\000\040\000N\000e\000x\000t\000?}{chapter.4}% 93
\BOOKMARK [0][-]{chapter.5}{\376\377\000M\000o\000d\000u\000l\000e\000\040\0004\000:\000\040\000N\000i\000t\000r\000o\000g\000e\000n\000\040\000F\000e\000r\000t\000i\000l\000i\000s\000a\000t\000i\000o\000n}{}% 94
\BOOKMARK [1][-]{section.5.1}{\376\377\000L\000e\000a\000r\000n\000i\000n\000g\000\040\000O\000b\000j\000e\000c\000t\000i\000v\000e\000s}{chapter.5}% 95
\BOOKMARK [1][-]{section.5.2}{\376\377\000N\000i\000t\000r\000o\000g\000e\000n\000\040\000C\000y\000c\000l\000i\000n\000g\000\040\000i\000n\000\040\000A\000P\000S\000I\000M}{chapter.5}% 96
\BOOKMARK [2][-]{subsection.5.2.1}{\376\377\000S\000o\000i\000l\000\040\000N\000\040\000P\000o\000o\000l\000s}{section.5.2}% 97
\BOOKMARK [2][-]{subsection.5.2.2}{\376\377\000D\000a\000i\000l\000y\000\040\000N\000\040\000P\000r\000o\000c\000e\000s\000s\000e\000s}{section.5.2}% 98
\BOOKMARK [1][-]{section.5.3}{\376\377\000N\000\040\000R\000e\000s\000p\000o\000n\000s\000e\000\040\000C\000u\000r\000v\000e\000s}{chapter.5}% 99
\BOOKMARK [2][-]{subsection.5.3.1}{\376\377\000T\000y\000p\000i\000c\000a\000l\000\040\000R\000e\000s\000p\000o\000n\000s\000e}{section.5.3}% 100
\BOOKMARK [2][-]{subsection.5.3.2}{\376\377\000E\000x\000e\000r\000c\000i\000s\000e\000\040\000B\000:\000\040\000N\000\040\000R\000e\000s\000p\000o\000n\000s\000e\000\040\000F\000a\000c\000t\000o\000r\000i\000a\000l}{section.5.3}% 101
\BOOKMARK [1][-]{section.5.4}{\376\377\000A\000g\000r\000o\000n\000o\000m\000i\000c\000\040\000E\000f\000f\000i\000c\000i\000e\000n\000c\000y\000\040\000o\000f\000\040\000N\000i\000t\000r\000o\000g\000e\000n}{chapter.5}% 102
\BOOKMARK [1][-]{section.5.5}{\376\377\000N\000\040\000S\000t\000r\000e\000s\000s\000\040\000a\000n\000d\000\040\000C\000r\000o\000p\000\040\000R\000e\000s\000p\000o\000n\000s\000e\000s}{chapter.5}% 103
\BOOKMARK [1][-]{section.5.6}{\376\377\000C\000o\000s\000t\000-\000B\000e\000n\000e\000f\000i\000t\000\040\000A\000n\000a\000l\000y\000s\000i\000s}{chapter.5}% 104
\BOOKMARK [2][-]{subsection.5.6.1}{\376\377\000P\000r\000o\000f\000i\000t\000\040\000F\000o\000r\000m\000u\000l\000a}{section.5.6}% 105
\BOOKMARK [2][-]{subsection.5.6.2}{\376\377\000W\000o\000r\000k\000e\000d\000\040\000E\000x\000a\000m\000p\000l\000e}{section.5.6}% 106
\BOOKMARK [1][-]{section.5.7}{\376\377\000R\000e\000g\000i\000o\000n\000a\000l\000\040\000V\000a\000r\000i\000a\000b\000i\000l\000i\000t\000y\000\040\000a\000n\000d\000\040\000A\000E\000N\000\040\000I\000n\000t\000e\000r\000p\000r\000e\000t\000a\000t\000i\000o\000n}{chapter.5}% 107
\BOOKMARK [1][-]{section.5.8}{\376\377\000S\000u\000m\000m\000a\000r\000y}{chapter.5}% 108
\BOOKMARK [1][-]{section.5.9}{\376\377\000W\000h\000a\000t\000'\000s\000\040\000N\000e\000x\000t\000?}{chapter.5}% 109
\BOOKMARK [0][-]{chapter.6}{\376\377\000M\000o\000d\000u\000l\000e\000\040\0005\000:\000\040\000P\000h\000e\000n\000o\000l\000o\000g\000y\000\040\000\046\000\040\000T\000h\000e\000r\000m\000a\000l\000\040\000T\000i\000m\000e}{}% 110
\BOOKMARK [1][-]{section.6.1}{\376\377\000L\000e\000a\000r\000n\000i\000n\000g\000\040\000O\000b\000j\000e\000c\000t\000i\000v\000e\000s}{chapter.6}% 111
\BOOKMARK [1][-]{section.6.2}{\376\377\000T\000h\000e\000r\000m\000a\000l\000\040\000T\000i\000m\000e\000:\000\040\000C\000o\000n\000c\000e\000p\000t\000\040\000a\000n\000d\000\040\000C\000a\000l\000c\000u\000l\000a\000t\000i\000o\000n}{chapter.6}% 112
\BOOKMARK [2][-]{subsection.6.2.1}{\376\377\000G\000r\000o\000w\000i\000n\000g\000\040\000D\000e\000g\000r\000e\000e\000\040\000D\000a\000y\000s\000\040\000\050\000G\000D\000D\000\051}{section.6.2}% 113
\BOOKMARK [2][-]{subsection.6.2.2}{\376\377\000W\000h\000y\000\040\000G\000D\000D\000\040\000I\000n\000s\000t\000e\000a\000d\000\040\000o\000f\000\040\000C\000a\000l\000e\000n\000d\000a\000r\000\040\000D\000a\000y\000s\000?}{section.6.2}% 114
\BOOKMARK [1][-]{section.6.3}{\376\377\000Z\000a\000d\000o\000k\000\040\000S\000t\000a\000g\000e\000s}{chapter.6}% 115
\BOOKMARK [2][-]{subsection.6.3.1}{\376\377\000S\000t\000a\000n\000d\000a\000r\000d\000i\000z\000e\000d\000\040\000S\000c\000a\000l\000e\000\040\000\050\0000\040\023\0009\0000\000+\000\051}{section.6.3}% 116
\BOOKMARK [1][-]{section.6.4}{\376\377\000C\000r\000i\000t\000i\000c\000a\000l\000\040\000P\000e\000r\000i\000o\000d\000s}{chapter.6}% 117
\BOOKMARK [1][-]{section.6.5}{\376\377\000S\000o\000w\000i\000n\000g\000\040\000D\000a\000t\000e\000\040\000E\000f\000f\000e\000c\000t\000s}{chapter.6}% 118
\BOOKMARK [2][-]{subsection.6.5.1}{\376\377\000W\000h\000y\000\040\000S\000o\000w\000i\000n\000g\000\040\000D\000a\000t\000e\000\040\000C\000h\000a\000n\000g\000e\000s\000\040\000E\000v\000e\000r\000y\000t\000h\000i\000n\000g}{section.6.5}% 119
\BOOKMARK [2][-]{subsection.6.5.2}{\376\377\000E\000x\000e\000r\000c\000i\000s\000e\000\040\000C\000:\000\040\000S\000o\000w\000i\000n\000g\000\040\000D\000a\000t\000e\000\040\000F\000a\000c\000t\000o\000r\000i\000a\000l}{section.6.5}% 120
\BOOKMARK [1][-]{section.6.6}{\376\377\000T\000e\000m\000p\000e\000r\000a\000t\000u\000r\000e\000\040\000S\000t\000r\000e\000s\000s}{chapter.6}% 121
\BOOKMARK [2][-]{subsection.6.6.1}{\376\377\000H\000e\000a\000t\000\040\000S\000t\000r\000e\000s\000s\000\040\000\050\000T\000\040\000>\000\040\0003\0000\000\260\000C\000\051}{section.6.6}% 122
\BOOKMARK [2][-]{subsection.6.6.2}{\376\377\000C\000o\000l\000d\000\040\000S\000t\000r\000e\000s\000s\000\040\000\050\000T\000\040\000<\000\040\000T\000b\000a\000s\000e\000\051}{section.6.6}% 123
\BOOKMARK [2][-]{subsection.6.6.3}{\376\377\000V\000e\000r\000n\000a\000l\000i\000z\000a\000t\000i\000o\000n\000\040\000\050\000W\000i\000n\000t\000e\000r\000\040\000W\000h\000e\000a\000t\000\051}{section.6.6}% 124
\BOOKMARK [1][-]{section.6.7}{\376\377\000C\000o\000n\000n\000e\000c\000t\000i\000n\000g\000\040\000P\000h\000e\000n\000o\000l\000o\000g\000y\000\040\000t\000o\000\040\000M\000a\000n\000a\000g\000e\000m\000e\000n\000t}{chapter.6}% 125
\BOOKMARK [1][-]{section.6.8}{\376\377\000S\000u\000m\000m\000a\000r\000y}{chapter.6}% 126
\BOOKMARK [1][-]{section.6.9}{\376\377\000W\000h\000a\000t\000'\000s\000\040\000N\000e\000x\000t\000?}{chapter.6}% 127
\BOOKMARK [0][-]{chapter.7}{\376\377\000M\000o\000d\000u\000l\000e\000\040\0006\000:\000\040\000L\000o\000n\000g\000-\000T\000e\000r\000m\000\040\000V\000a\000r\000i\000a\000b\000i\000l\000i\000t\000y}{}% 128
\BOOKMARK [1][-]{section.7.1}{\376\377\000L\000e\000a\000r\000n\000i\000n\000g\000\040\000O\000b\000j\000e\000c\000t\000i\000v\000e\000s}{chapter.7}% 129
\BOOKMARK [1][-]{section.7.2}{\376\377\000R\000a\000i\000n\000f\000a\000l\000l\000\040\000V\000a\000r\000i\000a\000b\000i\000l\000i\000t\000y}{chapter.7}% 130
\BOOKMARK [2][-]{subsection.7.2.1}{\376\377\000I\000n\000t\000e\000r\000-\000A\000n\000n\000u\000a\000l\000\040\000V\000a\000r\000i\000a\000b\000i\000l\000i\000t\000y\000\040\000i\000n\000\040\000Q\000u\000e\000e\000n\000s\000l\000a\000n\000d}{section.7.2}% 131
\BOOKMARK [2][-]{subsection.7.2.2}{\376\377\000W\000h\000y\000\040\000T\000h\000i\000s\000\040\000M\000a\000t\000t\000e\000r\000s\000\040\000f\000o\000r\000\040\000F\000a\000r\000m\000i\000n\000g\000\040\000D\000e\000c\000i\000s\000i\000o\000n\000s}{section.7.2}% 132
\BOOKMARK [1][-]{section.7.3}{\376\377\000Y\000i\000e\000l\000d\000\040\000V\000a\000r\000i\000a\000b\000i\000l\000i\000t\000y}{chapter.7}% 133
\BOOKMARK [2][-]{subsection.7.3.1}{\376\377\000T\000h\000e\000\040\000A\000P\000S\000I\000M\000\040\000E\000x\000p\000e\000r\000i\000m\000e\000n\000t\000\040\000N\000o\000d\000e}{section.7.3}% 134
\BOOKMARK [2][-]{subsection.7.3.2}{\376\377\000E\000x\000e\000r\000c\000i\000s\000e\000\040\000D\000:\000\040\0002\0000\000-\000Y\000e\000a\000r\000\040\000V\000a\000r\000i\000a\000b\000i\000l\000i\000t\000y\000\040\000A\000n\000a\000l\000y\000s\000i\000s}{section.7.3}% 135
\BOOKMARK [1][-]{section.7.4}{\376\377\000R\000i\000s\000k\000\040\000M\000e\000t\000r\000i\000c\000s}{chapter.7}% 136
\BOOKMARK [2][-]{subsection.7.4.1}{\376\377\000C\000o\000e\000f\000f\000i\000c\000i\000e\000n\000t\000\040\000o\000f\000\040\000V\000a\000r\000i\000a\000t\000i\000o\000n}{section.7.4}% 137
\BOOKMARK [2][-]{subsection.7.4.2}{\376\377\000P\000r\000o\000b\000a\000b\000i\000l\000i\000t\000y\000\040\000o\000f\000\040\000F\000a\000i\000l\000u\000r\000e}{section.7.4}% 138
\BOOKMARK [2][-]{subsection.7.4.3}{\376\377\000E\000x\000c\000e\000e\000d\000a\000n\000c\000e\000\040\000P\000r\000o\000b\000a\000b\000i\000l\000i\000t\000y\000\040\000\050\000C\000u\000m\000u\000l\000a\000t\000i\000v\000e\000\040\000D\000i\000s\000t\000r\000i\000b\000u\000t\000i\000o\000n\000\051}{section.7.4}% 139
\BOOKMARK [1][-]{section.7.5}{\376\377\000R\000o\000b\000u\000s\000t\000\040\000D\000e\000c\000i\000s\000i\000o\000n\000\040\000R\000u\000l\000e\000s}{chapter.7}% 140
\BOOKMARK [2][-]{subsection.7.5.1}{\376\377\000E\000x\000a\000m\000p\000l\000e\000:\000\040\000N\000\040\000R\000a\000t\000e\000\040\000D\000e\000c\000i\000s\000i\000o\000n}{section.7.5}% 141
\BOOKMARK [1][-]{section.7.6}{\376\377\000C\000l\000i\000m\000a\000t\000e\000\040\000C\000h\000a\000n\000g\000e\000\040\000a\000n\000d\000\040\000Y\000i\000e\000l\000d\000\040\000R\000i\000s\000k}{chapter.7}% 142
\BOOKMARK [1][-]{section.7.7}{\376\377\000S\000u\000m\000m\000a\000r\000y}{chapter.7}% 143
\BOOKMARK [1][-]{section.7.8}{\376\377\000W\000h\000a\000t\000'\000s\000\040\000N\000e\000x\000t\000?}{chapter.7}% 144
\BOOKMARK [0][-]{chapter.8}{\376\377\000M\000o\000d\000u\000l\000e\000\040\0007\000:\000\040\000C\000l\000i\000m\000a\000t\000e\000\040\000S\000c\000e\000n\000a\000r\000i\000o\000s\000\040\000\046\000\040\000F\000u\000t\000u\000r\000e\000\040\000O\000u\000t\000l\000o\000o\000k}{}% 145
\BOOKMARK [1][-]{section.8.1}{\376\377\000L\000e\000a\000r\000n\000i\000n\000g\000\040\000O\000b\000j\000e\000c\000t\000i\000v\000e\000s}{chapter.8}% 146
\BOOKMARK [1][-]{section.8.2}{\376\377\000C\000l\000i\000m\000a\000t\000e\000\040\000C\000h\000a\000n\000g\000e\000\040\000a\000n\000d\000\040\000A\000g\000r\000i\000c\000u\000l\000t\000u\000r\000e}{chapter.8}% 147
\BOOKMARK [2][-]{subsection.8.2.1}{\376\377\000G\000l\000o\000b\000a\000l\000\040\000C\000o\000n\000t\000e\000x\000t}{section.8.2}% 148
\BOOKMARK [1][-]{section.8.3}{\376\377\000C\000o\000n\000s\000t\000r\000u\000c\000t\000i\000n\000g\000\040\000C\000l\000i\000m\000a\000t\000e\000\040\000S\000c\000e\000n\000a\000r\000i\000o\000s}{chapter.8}% 149
\BOOKMARK [2][-]{subsection.8.3.1}{\376\377\000G\000C\000M\000\040\000\050\000G\000l\000o\000b\000a\000l\000\040\000C\000l\000i\000m\000a\000t\000e\000\040\000M\000o\000d\000e\000l\000\051\000\040\000O\000u\000t\000p\000u\000t\000s}{section.8.3}% 150
\BOOKMARK [2][-]{subsection.8.3.2}{\376\377\000D\000o\000w\000n\000s\000c\000a\000l\000i\000n\000g\000\040\000t\000o\000\040\000F\000a\000r\000m\000\040\000S\000c\000a\000l\000e}{section.8.3}% 151
\BOOKMARK [1][-]{section.8.4}{\376\377\000A\000d\000a\000p\000t\000a\000t\000i\000o\000n\000\040\000S\000t\000r\000a\000t\000e\000g\000i\000e\000s}{chapter.8}% 152
\BOOKMARK [2][-]{subsection.8.4.1}{\376\377\000G\000e\000n\000e\000t\000i\000c\000\040\000\050\000V\000a\000r\000i\000e\000t\000y\000\040\000S\000e\000l\000e\000c\000t\000i\000o\000n\000\051}{section.8.4}% 153
\BOOKMARK [2][-]{subsection.8.4.2}{\376\377\000M\000a\000n\000a\000g\000e\000m\000e\000n\000t\000\040\000\050\000P\000r\000a\000c\000t\000i\000c\000e\000\040\000C\000h\000a\000n\000g\000e\000s\000\051}{section.8.4}% 154
\BOOKMARK [2][-]{subsection.8.4.3}{\376\377\000I\000n\000f\000r\000a\000s\000t\000r\000u\000c\000t\000u\000r\000e\000\040\000\050\000S\000t\000r\000u\000c\000t\000u\000r\000a\000l\000\040\000A\000d\000a\000p\000t\000a\000t\000i\000o\000n\000\051}{section.8.4}% 155
\BOOKMARK [1][-]{section.8.5}{\376\377\000A\000P\000S\000I\000M\000-\000B\000a\000s\000e\000d\000\040\000A\000d\000a\000p\000t\000a\000t\000i\000o\000n\000\040\000A\000s\000s\000e\000s\000s\000m\000e\000n\000t}{chapter.8}% 156
\BOOKMARK [2][-]{subsection.8.5.1}{\376\377\000S\000t\000e\000p\000-\000b\000y\000-\000S\000t\000e\000p\000:\000\040\000C\000o\000n\000s\000t\000r\000u\000c\000t\000i\000n\000g\000\040\000a\000\040\000C\000l\000i\000m\000a\000t\000e\000\040\000S\000c\000e\000n\000a\000r\000i\000o\000\040\000i\000n\000\040\000A\000P\000S\000I\000M}{section.8.5}% 157
\BOOKMARK [2][-]{subsection.8.5.2}{\376\377\000I\000l\000l\000u\000s\000t\000r\000a\000t\000i\000v\000e\000\040\000R\000e\000s\000u\000l\000t\000s}{section.8.5}% 158
\BOOKMARK [1][-]{section.8.6}{\376\377\000C\000o\000m\000m\000u\000n\000i\000c\000a\000t\000i\000n\000g\000\040\000U\000n\000c\000e\000r\000t\000a\000i\000n\000t\000y}{chapter.8}% 159
\BOOKMARK [1][-]{section.8.7}{\376\377\000D\000e\000c\000i\000s\000i\000o\000n\000\040\000F\000r\000a\000m\000e\000w\000o\000r\000k\000s}{chapter.8}% 160
\BOOKMARK [2][-]{subsection.8.7.1}{\376\377\000R\000o\000b\000u\000s\000t\000\040\000D\000e\000c\000i\000s\000i\000o\000n\000\040\000M\000a\000k\000i\000n\000g}{section.8.7}% 161
\BOOKMARK [1][-]{section.8.8}{\376\377\000S\000u\000s\000t\000a\000i\000n\000a\000b\000i\000l\000i\000t\000y\000\040\000C\000o\000n\000s\000i\000d\000e\000r\000a\000t\000i\000o\000n\000s}{chapter.8}% 162
\BOOKMARK [1][-]{section.8.9}{\376\377\000S\000u\000m\000m\000a\000r\000y}{chapter.8}% 163
\BOOKMARK [1][-]{section.8.10}{\376\377\000S\000y\000n\000t\000h\000e\000s\000i\000s\000:\000\040\000A\000P\000S\000I\000M\000\040\000i\000n\000\040\000Y\000o\000u\000r\000\040\000C\000a\000r\000e\000e\000r}{chapter.8}% 164
\BOOKMARK [1][-]{section.8.11}{\376\377\000C\000o\000n\000t\000i\000n\000u\000i\000n\000g\000\040\000Y\000o\000u\000r\000\040\000L\000e\000a\000r\000n\000i\000n\000g}{chapter.8}% 165
\BOOKMARK [-1][-]{part*.22}{\376\377\000I\000n\000t\000e\000g\000r\000a\000t\000e\000d\000\040\000E\000x\000e\000r\000c\000i\000s\000e\000s}{}% 166
\BOOKMARK [0][-]{appendix.A}{\376\377\000E\000x\000e\000r\000c\000i\000s\000e\000\040\000A\000:\000\040\000F\000a\000l\000l\000o\000w\000\040\000W\000a\000t\000e\000r\000\040\000B\000a\000l\000a\000n\000c\000e}{part*.22}% 167
\BOOKMARK [1][-]{section.A.1}{\376\377\000O\000v\000e\000r\000v\000i\000e\000w}{appendix.A}% 168
\BOOKMARK [1][-]{section.A.2}{\376\377\000S\000i\000m\000u\000l\000a\000t\000i\000o\000n\000\040\000S\000e\000t\000u\000p}{appendix.A}% 169
\BOOKMARK [2][-]{subsection.A.2.1}{\376\377\000C\000o\000n\000f\000i\000g\000u\000r\000a\000t\000i\000o\000n}{section.A.2}% 170
\BOOKMARK [2][-]{subsection.A.2.2}{\376\377\000K\000e\000y\000\040\000P\000a\000r\000a\000m\000e\000t\000e\000r\000s}{section.A.2}% 171
\BOOKMARK [1][-]{section.A.3}{\376\377\000T\000a\000s\000k\000\040\0001\000:\000\040\000R\000u\000n\000\040\000S\000i\000m\000u\000l\000a\000t\000i\000o\000n}{appendix.A}% 172
\BOOKMARK [1][-]{section.A.4}{\376\377\000T\000a\000s\000k\000\040\0002\000:\000\040\000D\000a\000t\000a\000\040\000E\000x\000p\000l\000o\000r\000a\000t\000i\000o\000n}{appendix.A}% 173
\BOOKMARK [2][-]{subsection.A.4.1}{\376\377\000E\000x\000a\000m\000i\000n\000a\000t\000i\000o\000n\000\040\000C\000h\000e\000c\000k\000l\000i\000s\000t}{section.A.4}% 174
\BOOKMARK [2][-]{subsection.A.4.2}{\376\377\000Q\000u\000i\000c\000k\000\040\000S\000t\000a\000t\000i\000s\000t\000i\000c\000s}{section.A.4}% 175
\BOOKMARK [1][-]{section.A.5}{\376\377\000T\000a\000s\000k\000\040\0003\000:\000\040\000I\000d\000e\000n\000t\000i\000f\000y\000\040\000S\000o\000w\000i\000n\000g\000\040\000O\000p\000p\000o\000r\000t\000u\000n\000i\000t\000i\000e\000s}{appendix.A}% 176
\BOOKMARK [2][-]{subsection.A.5.1}{\376\377\000C\000r\000i\000t\000e\000r\000i\000a}{section.A.5}% 177
\BOOKMARK [2][-]{subsection.A.5.2}{\376\377\000E\000x\000c\000e\000l\000\040\000I\000m\000p\000l\000e\000m\000e\000n\000t\000a\000t\000i\000o\000n}{section.A.5}% 178
\BOOKMARK [1][-]{section.A.6}{\376\377\000T\000a\000s\000k\000\040\0004\000:\000\040\000V\000i\000s\000u\000a\000l\000i\000z\000a\000t\000i\000o\000n}{appendix.A}% 179
\BOOKMARK [2][-]{subsection.A.6.1}{\376\377\000P\000l\000o\000t\000\040\0001\000:\000\040\000E\000S\000W\000\040\000T\000i\000m\000e\000\040\000S\000e\000r\000i\000e\000s}{section.A.6}% 180
\BOOKMARK [2][-]{subsection.A.6.2}{\376\377\000P\000l\000o\000t\000\040\0002\000:\000\040\000A\000n\000n\000u\000a\000l\000\040\000E\000S\000W\000\040\000P\000a\000t\000t\000e\000r\000n}{section.A.6}% 181
\BOOKMARK [2][-]{subsection.A.6.3}{\376\377\000P\000l\000o\000t\000\040\0003\000:\000\040\000R\000a\000i\000n\000f\000a\000l\000l\000\040\000v\000s\000.\000\040\000E\000S\000W\000\040\000C\000h\000a\000n\000g\000e}{section.A.6}% 182
\BOOKMARK [1][-]{section.A.7}{\376\377\000T\000a\000s\000k\000\040\0005\000:\000\040\000A\000n\000a\000l\000y\000s\000i\000s\000\040\000Q\000u\000e\000s\000t\000i\000o\000n\000s}{appendix.A}% 183
\BOOKMARK [1][-]{section.A.8}{\376\377\000T\000a\000s\000k\000\040\0006\000:\000\040\000C\000o\000m\000p\000a\000r\000i\000s\000o\000n\000\040\000S\000c\000e\000n\000a\000r\000i\000o\000\040\000\050\000E\000x\000t\000e\000n\000s\000i\000o\000n\000\051}{appendix.A}% 184
\BOOKMARK [2][-]{subsection.A.8.1}{\376\377\000S\000c\000e\000n\000a\000r\000i\000o\000\040\000A\000:\000\040\000S\000h\000a\000l\000l\000o\000w\000\040\000S\000o\000i\000l}{section.A.8}% 185
\BOOKMARK [2][-]{subsection.A.8.2}{\376\377\000S\000c\000e\000n\000a\000r\000i\000o\000\040\000B\000:\000\040\000D\000i\000f\000f\000e\000r\000e\000n\000t\000\040\000C\000l\000i\000m\000a\000t\000e}{section.A.8}% 186
\BOOKMARK [1][-]{section.A.9}{\376\377\000D\000e\000l\000i\000v\000e\000r\000a\000b\000l\000e}{appendix.A}% 187
\BOOKMARK [1][-]{section.A.10}{\376\377\000G\000r\000a\000d\000i\000n\000g\000\040\000R\000u\000b\000r\000i\000c}{appendix.A}% 188
\BOOKMARK [0][-]{appendix.B}{\376\377\000E\000x\000e\000r\000c\000i\000s\000e\000\040\000B\000:\000\040\000N\000i\000t\000r\000o\000g\000e\000n\000\040\000R\000e\000s\000p\000o\000n\000s\000e\000\040\000F\000a\000c\000t\000o\000r\000i\000a\000l}{part*.22}% 189
\BOOKMARK [1][-]{section.B.1}{\376\377\000O\000v\000e\000r\000v\000i\000e\000w}{appendix.B}% 190
\BOOKMARK [1][-]{section.B.2}{\376\377\000S\000i\000m\000u\000l\000a\000t\000i\000o\000n\000\040\000S\000e\000t\000u\000p}{appendix.B}% 191
\BOOKMARK [2][-]{subsection.B.2.1}{\376\377\000C\000o\000n\000f\000i\000g\000u\000r\000a\000t\000i\000o\000n}{section.B.2}% 192
\BOOKMARK [1][-]{section.B.3}{\376\377\000T\000a\000s\000k\000\040\0001\000:\000\040\000R\000u\000n\000\040\000A\000l\000l\000\040\000F\000o\000u\000r\000\040\000S\000i\000m\000u\000l\000a\000t\000i\000o\000n\000s}{appendix.B}% 193
\BOOKMARK [1][-]{section.B.4}{\376\377\000T\000a\000s\000k\000\040\0002\000:\000\040\000E\000x\000t\000r\000a\000c\000t\000\040\000G\000r\000a\000i\000n\000\040\000Y\000i\000e\000l\000d}{appendix.B}% 194
\BOOKMARK [2][-]{subsection.B.4.1}{\376\377\000A\000p\000p\000r\000o\000a\000c\000h}{section.B.4}% 195
\BOOKMARK [1][-]{section.B.5}{\376\377\000T\000a\000s\000k\000\040\0003\000:\000\040\000C\000a\000l\000c\000u\000l\000a\000t\000e\000\040\000A\000g\000r\000o\000n\000o\000m\000i\000c\000\040\000E\000f\000f\000i\000c\000i\000e\000n\000c\000y\000\040\000o\000f\000\040\000N\000\040\000\050\000A\000E\000N\000\051}{appendix.B}% 196
\BOOKMARK [1][-]{section.B.6}{\376\377\000T\000a\000s\000k\000\040\0004\000:\000\040\000P\000l\000o\000t\000\040\000N\000\040\000R\000e\000s\000p\000o\000n\000s\000e\000\040\000C\000u\000r\000v\000e}{appendix.B}% 197
\BOOKMARK [1][-]{section.B.7}{\376\377\000T\000a\000s\000k\000\040\0005\000:\000\040\000C\000o\000s\000t\000-\000B\000e\000n\000e\000f\000i\000t\000\040\000A\000n\000a\000l\000y\000s\000i\000s}{appendix.B}% 198
\BOOKMARK [2][-]{subsection.B.7.1}{\376\377\000P\000r\000o\000f\000i\000t\000\040\000C\000a\000l\000c\000u\000l\000a\000t\000i\000o\000n}{section.B.7}% 199
\BOOKMARK [2][-]{subsection.B.7.2}{\376\377\000A\000s\000s\000u\000m\000p\000t\000i\000o\000n\000s}{section.B.7}% 200
\BOOKMARK [2][-]{subsection.B.7.3}{\376\377\000E\000x\000a\000m\000p\000l\000e\000\040\000C\000a\000l\000c\000u\000l\000a\000t\000i\000o\000n}{section.B.7}% 201
\BOOKMARK [2][-]{subsection.B.7.4}{\376\377\000C\000r\000e\000a\000t\000e\000\040\000P\000r\000o\000f\000i\000t\000\040\000T\000a\000b\000l\000e}{section.B.7}% 202
\BOOKMARK [1][-]{section.B.8}{\376\377\000T\000a\000s\000k\000\040\0006\000:\000\040\000A\000n\000a\000l\000y\000s\000i\000s\000\040\000Q\000u\000e\000s\000t\000i\000o\000n\000s}{appendix.B}% 203
\BOOKMARK [1][-]{section.B.9}{\376\377\000T\000a\000s\000k\000\040\0007\000:\000\040\000G\000r\000a\000i\000n\000\040\000Q\000u\000a\000l\000i\000t\000y}{appendix.B}% 204
\BOOKMARK [2][-]{subsection.B.9.1}{\376\377\000P\000r\000o\000t\000e\000i\000n\000\040\000A\000n\000a\000l\000y\000s\000i\000s}{section.B.9}% 205
\BOOKMARK [1][-]{section.B.10}{\376\377\000D\000e\000l\000i\000v\000e\000r\000a\000b\000l\000e}{appendix.B}% 206
\BOOKMARK [0][-]{appendix.C}{\376\377\000E\000x\000e\000r\000c\000i\000s\000e\000\040\000C\000:\000\040\000S\000o\000w\000i\000n\000g\000\040\000D\000a\000t\000e\000\040\000F\000a\000c\000t\000o\000r\000i\000a\000l}{part*.22}% 207
\BOOKMARK [1][-]{section.C.1}{\376\377\000O\000v\000e\000r\000v\000i\000e\000w}{appendix.C}% 208
\BOOKMARK [1][-]{section.C.2}{\376\377\000B\000a\000c\000k\000g\000r\000o\000u\000n\000d}{appendix.C}% 209
\BOOKMARK [1][-]{section.C.3}{\376\377\000T\000a\000s\000k\000\040\0001\000:\000\040\000O\000p\000e\000n\000\040\000a\000n\000d\000\040\000R\000e\000v\000i\000e\000w\000\040\000t\000h\000e\000\040\000S\000i\000m\000u\000l\000a\000t\000i\000o\000n\000\040\000F\000i\000l\000e\000s}{appendix.C}% 210
\BOOKMARK [1][-]{section.C.4}{\376\377\000T\000a\000s\000k\000\040\0002\000:\000\040\000R\000u\000n\000\040\000A\000l\000l\000\040\000T\000h\000r\000e\000e\000\040\000S\000i\000m\000u\000l\000a\000t\000i\000o\000n\000s\000\040\000a\000n\000d\000\040\000E\000x\000p\000o\000r\000t\000\040\000R\000e\000s\000u\000l\000t\000s}{appendix.C}% 211
\BOOKMARK [1][-]{section.C.5}{\376\377\000T\000a\000s\000k\000\040\0003\000:\000\040\000P\000h\000e\000n\000o\000l\000o\000g\000i\000c\000a\000l\000\040\000C\000o\000m\000p\000a\000r\000i\000s\000o\000n}{appendix.C}% 212
\BOOKMARK [2][-]{subsection.C.5.1}{\376\377\000E\000x\000t\000r\000a\000c\000t\000\040\000K\000e\000y\000\040\000D\000a\000t\000e\000s}{section.C.5}% 213
\BOOKMARK [2][-]{subsection.C.5.2}{\376\377\000T\000h\000e\000r\000m\000a\000l\000\040\000T\000i\000m\000e\000\040\000A\000c\000c\000u\000m\000u\000l\000a\000t\000i\000o\000n}{section.C.5}% 214
\BOOKMARK [1][-]{section.C.6}{\376\377\000T\000a\000s\000k\000\040\0003\000:\000\040\000P\000h\000e\000n\000o\000l\000o\000g\000i\000c\000a\000l\000\040\000C\000o\000m\000p\000a\000r\000i\000s\000o\000n}{appendix.C}% 215
\BOOKMARK [2][-]{subsection.C.6.1}{\376\377\000K\000e\000y\000\040\000D\000a\000t\000e\000s}{section.C.6}% 216
\BOOKMARK [2][-]{subsection.C.6.2}{\376\377\000T\000h\000e\000r\000m\000a\000l\000\040\000T\000i\000m\000e\000\040\000A\000c\000c\000u\000m\000u\000l\000a\000t\000i\000o\000n}{section.C.6}% 217
\BOOKMARK [1][-]{section.C.7}{\376\377\000T\000a\000s\000k\000\040\0004\000:\000\040\000Y\000i\000e\000l\000d\000\040\000a\000n\000d\000\040\000Q\000u\000a\000l\000i\000t\000y\000\040\000C\000o\000m\000p\000a\000r\000i\000s\000o\000n}{appendix.C}% 218
\BOOKMARK [2][-]{subsection.C.7.1}{\376\377\000H\000a\000r\000v\000e\000s\000t\000\040\000R\000e\000s\000u\000l\000t\000s\000\040\000T\000a\000b\000l\000e}{section.C.7}% 219
\BOOKMARK [2][-]{subsection.C.7.2}{\376\377\000E\000x\000p\000e\000c\000t\000e\000d\000\040\000S\000o\000w\000i\000n\000g\000\040\000D\000a\000t\000e\000\040\000E\000f\000f\000e\000c\000t\000s}{section.C.7}% 220
\BOOKMARK [1][-]{section.C.8}{\376\377\000T\000a\000s\000k\000\040\0005\000:\000\040\000A\000n\000a\000l\000y\000s\000i\000s\000\040\000Q\000u\000e\000s\000t\000i\000o\000n\000s}{appendix.C}% 221
\BOOKMARK [1][-]{section.C.9}{\376\377\000T\000a\000s\000k\000\040\0006\000:\000\040\000V\000i\000s\000u\000a\000l\000i\000s\000a\000t\000i\000o\000n}{appendix.C}% 222
\BOOKMARK [2][-]{subsection.C.9.1}{\376\377\000C\000r\000o\000p\000\040\000D\000e\000v\000e\000l\000o\000p\000m\000e\000n\000t\000\040\000C\000o\000m\000p\000a\000r\000i\000s\000o\000n\000\040\000\050\000L\000i\000n\000e\000\040\000P\000l\000o\000t\000\051}{section.C.9}% 223
\BOOKMARK [2][-]{subsection.C.9.2}{\376\377\000Y\000i\000e\000l\000d\000\040\000a\000n\000d\000\040\000H\000a\000r\000v\000e\000s\000t\000\040\000I\000n\000d\000e\000x\000\040\000C\000o\000m\000p\000a\000r\000i\000s\000o\000n\000\040\000\050\000B\000a\000r\000\040\000C\000h\000a\000r\000t\000\051}{section.C.9}% 224
\BOOKMARK [1][-]{section.C.10}{\376\377\000D\000e\000l\000i\000v\000e\000r\000a\000b\000l\000e}{appendix.C}% 225
\BOOKMARK [0][-]{appendix.D}{\376\377\000E\000x\000e\000r\000c\000i\000s\000e\000\040\000D\000:\000\040\0002\0000\000-\000Y\000e\000a\000r\000\040\000V\000a\000r\000i\000a\000b\000i\000l\000i\000t\000y\000\040\000A\000n\000a\000l\000y\000s\000i\000s}{part*.22}% 226
\BOOKMARK [1][-]{section.D.1}{\376\377\000O\000v\000e\000r\000v\000i\000e\000w}{appendix.D}% 227
\BOOKMARK [1][-]{section.D.2}{\376\377\000S\000i\000m\000u\000l\000a\000t\000i\000o\000n\000\040\000S\000e\000t\000u\000p}{appendix.D}% 228
\BOOKMARK [2][-]{subsection.D.2.1}{\376\377\000C\000o\000n\000f\000i\000g\000u\000r\000a\000t\000i\000o\000n}{section.D.2}% 229
\BOOKMARK [1][-]{section.D.3}{\376\377\000T\000a\000s\000k\000\040\0001\000:\000\040\000R\000u\000n\000\040\000S\000i\000m\000u\000l\000a\000t\000i\000o\000n}{appendix.D}% 230
\BOOKMARK [1][-]{section.D.4}{\376\377\000T\000a\000s\000k\000\040\0002\000:\000\040\000E\000x\000t\000r\000a\000c\000t\000\040\000A\000n\000n\000u\000a\000l\000\040\000Y\000i\000e\000l\000d\000s}{appendix.D}% 231
\BOOKMARK [2][-]{subsection.D.4.1}{\376\377\000A\000p\000p\000r\000o\000a\000c\000h}{section.D.4}% 232
\BOOKMARK [2][-]{subsection.D.4.2}{\376\377\000R\000e\000s\000u\000l\000t\000\040\000E\000x\000a\000m\000p\000l\000e}{section.D.4}% 233
\BOOKMARK [1][-]{section.D.5}{\376\377\000T\000a\000s\000k\000\040\0003\000:\000\040\000C\000a\000l\000c\000u\000l\000a\000t\000e\000\040\000R\000i\000s\000k\000\040\000M\000e\000t\000r\000i\000c\000s}{appendix.D}% 234
\BOOKMARK [2][-]{subsection.D.5.1}{\376\377\000B\000a\000s\000i\000c\000\040\000S\000t\000a\000t\000i\000s\000t\000i\000c\000s}{section.D.5}% 235
\BOOKMARK [2][-]{subsection.D.5.2}{\376\377\000R\000i\000s\000k\000\040\000M\000e\000t\000r\000i\000c\000s}{section.D.5}% 236
\BOOKMARK [1][-]{section.D.6}{\376\377\000T\000a\000s\000k\000\040\0004\000:\000\040\000V\000i\000s\000u\000a\000l\000i\000z\000e\000\040\000Y\000i\000e\000l\000d\000\040\000D\000i\000s\000t\000r\000i\000b\000u\000t\000i\000o\000n}{appendix.D}% 237
\BOOKMARK [2][-]{subsection.D.6.1}{\376\377\000P\000l\000o\000t\000\040\0001\000:\000\040\000A\000n\000n\000u\000a\000l\000\040\000Y\000i\000e\000l\000d\000\040\000T\000i\000m\000e\000\040\000S\000e\000r\000i\000e\000s}{section.D.6}% 238
\BOOKMARK [2][-]{subsection.D.6.2}{\376\377\000P\000l\000o\000t\000\040\0002\000:\000\040\000H\000i\000s\000t\000o\000g\000r\000a\000m\000\040\000o\000f\000\040\000Y\000i\000e\000l\000d\000s}{section.D.6}% 239
\BOOKMARK [2][-]{subsection.D.6.3}{\376\377\000P\000l\000o\000t\000\040\0003\000:\000\040\000R\000a\000i\000n\000f\000a\000l\000l\000\040\000v\000s\000.\000\040\000Y\000i\000e\000l\000d\000\040\000S\000c\000a\000t\000t\000e\000r}{section.D.6}% 240
\BOOKMARK [1][-]{section.D.7}{\376\377\000T\000a\000s\000k\000\040\0005\000:\000\040\000I\000d\000e\000n\000t\000i\000f\000y\000\040\000D\000r\000y\000\040\000a\000n\000d\000\040\000W\000e\000t\000\040\000Y\000e\000a\000r\000s}{appendix.D}% 241
\BOOKMARK [2][-]{subsection.D.7.1}{\376\377\000C\000l\000a\000s\000s\000i\000f\000i\000c\000a\000t\000i\000o\000n}{section.D.7}% 242
\BOOKMARK [2][-]{subsection.D.7.2}{\376\377\000A\000n\000a\000l\000y\000s\000i\000s}{section.D.7}% 243
\BOOKMARK [1][-]{section.D.8}{\376\377\000T\000a\000s\000k\000\040\0006\000:\000\040\000A\000n\000a\000l\000y\000s\000i\000s\000\040\000Q\000u\000e\000s\000t\000i\000o\000n\000s}{appendix.D}% 244
\BOOKMARK [1][-]{section.D.9}{\376\377\000T\000a\000s\000k\000\040\0007\000:\000\040\000S\000c\000e\000n\000a\000r\000i\000o\000\040\000A\000n\000a\000l\000y\000s\000i\000s\000\040\000\050\000E\000x\000t\000e\000n\000s\000i\000o\000n\000\051}{appendix.D}% 245
\BOOKMARK [2][-]{subsection.D.9.1}{\376\377\000S\000c\000e\000n\000a\000r\000i\000o\000\040\000A\000:\000\040\000I\000n\000c\000r\000e\000a\000s\000e\000d\000\040\000N\000\040\000\050\0002\0004\0000\000\040\000k\000g\000/\000h\000a\000\051}{section.D.9}% 246
\BOOKMARK [2][-]{subsection.D.9.2}{\376\377\000S\000c\000e\000n\000a\000r\000i\000o\000\040\000B\000:\000\040\000E\000a\000r\000l\000i\000e\000r\000\040\000S\000o\000w\000i\000n\000g}{section.D.9}% 247
\BOOKMARK [2][-]{subsection.D.9.3}{\376\377\000S\000c\000e\000n\000a\000r\000i\000o\000\040\000C\000:\000\040\000C\000l\000i\000m\000a\000t\000e\000\040\000C\000h\000a\000n\000g\000e}{section.D.9}% 248
\BOOKMARK [1][-]{section.D.10}{\376\377\000D\000e\000l\000i\000v\000e\000r\000a\000b\000l\000e}{appendix.D}% 249
\BOOKMARK [0][-]{appendix.E}{\376\377\000A\000P\000S\000I\000M\000\040\000C\000o\000m\000p\000o\000n\000e\000n\000t\000s\000\040\000R\000e\000f\000e\000r\000e\000n\000c\000e}{part*.22}% 250
\BOOKMARK [1][-]{section.E.1}{\376\377\000G\000l\000o\000b\000a\000l\000\040\000C\000o\000m\000p\000o\000n\000e\000n\000t\000s}{appendix.E}% 251
\BOOKMARK [2][-]{subsection.E.1.1}{\376\377\000C\000l\000o\000c\000k}{section.E.1}% 252
\BOOKMARK [2][-]{subsection.E.1.2}{\376\377\000W\000e\000a\000t\000h\000e\000r}{section.E.1}% 253
\BOOKMARK [2][-]{subsection.E.1.3}{\376\377\000S\000o\000i\000l\000A\000r\000b\000i\000t\000r\000a\000t\000o\000r}{section.E.1}% 254
\BOOKMARK [2][-]{subsection.E.1.4}{\376\377\000M\000i\000c\000r\000o\000C\000l\000i\000m\000a\000t\000e}{section.E.1}% 255
\BOOKMARK [1][-]{section.E.2}{\376\377\000Z\000o\000n\000e\000\040\000C\000o\000m\000p\000o\000n\000e\000n\000t\000s}{appendix.E}% 256
\BOOKMARK [2][-]{subsection.E.2.1}{\376\377\000S\000o\000i\000l}{section.E.2}% 257
\BOOKMARK [2][-]{subsection.E.2.2}{\376\377\000C\000r\000o\000p\000\040\000\050\000e\000.\000g\000.\000,\000\040\000W\000h\000e\000a\000t\000\051}{section.E.2}% 258
\BOOKMARK [2][-]{subsection.E.2.3}{\376\377\000M\000a\000n\000a\000g\000e\000r}{section.E.2}% 259
\BOOKMARK [2][-]{subsection.E.2.4}{\376\377\000R\000e\000p\000o\000r\000t}{section.E.2}% 260
\BOOKMARK [2][-]{subsection.E.2.5}{\376\377\000D\000a\000t\000a\000S\000t\000o\000r\000e}{section.E.2}% 261
\BOOKMARK [1][-]{section.E.3}{\376\377\000V\000a\000r\000i\000a\000b\000l\000e\000\040\000N\000a\000m\000i\000n\000g\000\040\000C\000o\000n\000v\000e\000n\000t\000i\000o\000n}{appendix.E}% 262
\BOOKMARK [1][-]{section.E.4}{\376\377\000V\000a\000r\000i\000a\000b\000l\000e\000\040\000Q\000u\000i\000c\000k\000\040\000R\000e\000f\000e\000r\000e\000n\000c\000e}{appendix.E}% 263
\BOOKMARK [0][-]{appendix.F}{\376\377\000T\000r\000o\000u\000b\000l\000e\000s\000h\000o\000o\000t\000i\000n\000g\000\040\000C\000o\000m\000m\000o\000n\000\040\000E\000r\000r\000o\000r\000s}{part*.22}% 264
\BOOKMARK [1][-]{section.F.1}{\376\377\000C\000r\000o\000p\000\040\000W\000o\000n\000'\000t\000\040\000S\000o\000w}{appendix.F}% 265
\BOOKMARK [2][-]{subsection.F.1.1}{\376\377\000D\000i\000a\000g\000n\000o\000s\000t\000i\000c\000\040\000F\000l\000o\000w\000c\000h\000a\000r\000t}{section.F.1}% 266
\BOOKMARK [1][-]{section.F.2}{\376\377\000U\000n\000r\000e\000a\000l\000i\000s\000t\000i\000c\000\040\000Y\000i\000e\000l\000d}{appendix.F}% 267
\BOOKMARK [2][-]{subsection.F.2.1}{\376\377\000Y\000i\000e\000l\000d\000\040\000T\000o\000o\000\040\000L\000o\000w}{section.F.2}% 268
\BOOKMARK [2][-]{subsection.F.2.2}{\376\377\000Y\000i\000e\000l\000d\000\040\000T\000o\000o\000\040\000H\000i\000g\000h}{section.F.2}% 269
\BOOKMARK [1][-]{section.F.3}{\376\377\000N\000o\000\040\000O\000u\000t\000p\000u\000t\000\040\000o\000r\000\040\000E\000m\000p\000t\000y\000\040\000R\000e\000p\000o\000r\000t}{appendix.F}% 270
\BOOKMARK [2][-]{subsection.F.3.1}{\376\377\000D\000a\000t\000a\000S\000t\000o\000r\000e\000\040\000E\000m\000p\000t\000y}{section.F.3}% 271
\BOOKMARK [2][-]{subsection.F.3.2}{\376\377\000R\000e\000p\000o\000r\000t\000\040\000V\000a\000r\000i\000a\000b\000l\000e\000s\000\040\000H\000a\000v\000e\000\040\000M\000i\000s\000s\000i\000n\000g\000\040\000V\000a\000l\000u\000e\000s}{section.F.3}% 272
\BOOKMARK [1][-]{section.F.4}{\376\377\000F\000i\000l\000e\000\040\000P\000a\000t\000h\000\040\000E\000r\000r\000o\000r\000s}{appendix.F}% 273
\BOOKMARK [1][-]{section.F.5}{\376\377\000J\000S\000O\000N\000\040\000P\000a\000r\000s\000i\000n\000g\000\040\000E\000r\000r\000o\000r\000s}{appendix.F}% 274
\BOOKMARK [1][-]{section.F.6}{\376\377\000S\000i\000m\000u\000l\000a\000t\000i\000o\000n\000\040\000H\000a\000n\000g\000s\000\040\000o\000r\000\040\000C\000r\000a\000s\000h\000e\000s}{appendix.F}% 275
\BOOKMARK [1][-]{section.F.7}{\376\377\000G\000e\000t\000t\000i\000n\000g\000\040\000H\000e\000l\000p}{appendix.F}% 276
\BOOKMARK [0][-]{appendix*.34}{\376\377\000R\000e\000f\000e\000r\000e\000n\000c\000e\000s}{part*.22}% 277
\BOOKMARK [0][-]{appendix*.36}{\376\377\000L\000L\000M\000\040\000W\000i\000k\000i\000\040\000R\000e\000s\000o\000u\000r\000c\000e\000s}{part*.22}% 278
\BOOKMARK [0][-]{appendix*.37}{\376\377\000F\000u\000r\000t\000h\000e\000r\000\040\000R\000e\000s\000o\000u\000r\000c\000e\000s}{part*.22}% 279
\BOOKMARK [0][-]{appendix*.38}{\376\377\000I\000n\000s\000t\000r\000u\000c\000t\000o\000r\000\040\000N\000o\000t\000e\000s}{part*.22}% 280
